  stdafx.cpp
  tinyxml2.cpp
  PackDic.cpp
  Service.cpp
  Phaser.cpp
d:\netbeans-java\craftplugins\clientctl\clientctl\clientctl\phaser.cpp(46): warning C4101: “e”: 未引用的局部变量
d:\netbeans-java\craftplugins\clientctl\clientctl\clientctl\phaser.cpp(70): warning C4101: “e”: 未引用的局部变量
d:\netbeans-java\craftplugins\clientctl\clientctl\clientctl\phaser.cpp(94): warning C4101: “e”: 未引用的局部变量
d:\netbeans-java\craftplugins\clientctl\clientctl\clientctl\phaser.cpp(103): warning C4101: “i”: 未引用的局部变量
d:\netbeans-java\craftplugins\clientctl\clientctl\clientctl\phaser.cpp(134): warning C4101: “e”: 未引用的局部变量
d:\netbeans-java\craftplugins\clientctl\clientctl\clientctl\phaser.cpp(157): warning C4101: “i”: 未引用的局部变量
d:\netbeans-java\craftplugins\clientctl\clientctl\clientctl\phaser.cpp(176): warning C4101: “i”: 未引用的局部变量
d:\netbeans-java\craftplugins\clientctl\clientctl\clientctl\phaser.cpp(196): warning C4101: “i”: 未引用的局部变量
  Package.cpp
  md5.cpp
  Logger.cpp
  InfoSenser.cpp
d:\netbeans-java\craftplugins\clientctl\clientctl\clientctl\infosenser.cpp(64): warning C4800: “BOOL”: 将值强制为布尔值“true”或“false”(性能警告)
d:\netbeans-java\craftplugins\clientctl\clientctl\clientctl\infosenser.cpp(192): warning C4477: “printf”: 格式字符串“%u”需要类型“unsigned int”的参数，但可变参数 1 拥有了类型“LPVOID”
d:\netbeans-java\craftplugins\clientctl\clientctl\clientctl\infosenser.cpp(193): warning C4477: “printf”: 格式字符串“%u”需要类型“unsigned int”的参数，但可变参数 1 拥有了类型“LPVOID”
  HexTrans.cpp
  GetSysInfo.cpp
  Communicater.cpp
d:\netbeans-java\craftplugins\clientctl\clientctl\clientctl\communicater.cpp(200): warning C4800: “int”: 将值强制为布尔值“true”或“false”(性能警告)
d:\netbeans-java\craftplugins\clientctl\clientctl\clientctl\communicater.cpp(213): warning C4018: “<”: 有符号/无符号不匹配
d:\netbeans-java\craftplugins\clientctl\clientctl\clientctl\communicater.cpp(225): warning C4018: “>”: 有符号/无符号不匹配
d:\netbeans-java\craftplugins\clientctl\clientctl\clientctl\communicater.cpp(240): warning C4018: “<”: 有符号/无符号不匹配
  ClientCtl.cpp
d:\netbeans-java\craftplugins\clientctl\clientctl\clientctl\clientctl.cpp(117): warning C4101: “dwE”: 未引用的局部变量
  AliveKeeper.cpp
  正在生成代码...
d:\netbeans-java\craftplugins\clientctl\clientctl\clientctl\communicater.cpp(259): warning C4715: “Communicater::send_Mem”: 不是所有的控件路径都返回值
d:\netbeans-java\craftplugins\clientctl\clientctl\clientctl\logger.cpp(66): warning C4717: “Logger::error”: 如递归所有控件路径，函数将导致运行时堆栈溢出
  ClientCtl.vcxproj -> D:\netbeans-java\CraftPlugins\ClientCtl\ClientCtl\Debug\ClientCtl.exe
  ClientCtl.vcxproj -> D:\netbeans-java\CraftPlugins\ClientCtl\ClientCtl\Debug\ClientCtl.pdb (Full PDB)
