d:\netbeans-java\craftplugins\clientctl\clientctl\clientctl\debug\clientctl.pch
d:\netbeans-java\craftplugins\clientctl\clientctl\clientctl\debug\vc140.pdb
d:\netbeans-java\craftplugins\clientctl\clientctl\clientctl\debug\vc140.idb
d:\netbeans-java\craftplugins\clientctl\clientctl\clientctl\debug\stdafx.obj
d:\netbeans-java\craftplugins\clientctl\clientctl\clientctl\debug\alivekeeper.obj
d:\netbeans-java\craftplugins\clientctl\clientctl\clientctl\debug\clientctl.obj
d:\netbeans-java\craftplugins\clientctl\clientctl\clientctl\debug\communicater.obj
d:\netbeans-java\craftplugins\clientctl\clientctl\clientctl\debug\getsysinfo.obj
d:\netbeans-java\craftplugins\clientctl\clientctl\clientctl\debug\infosenser.obj
d:\netbeans-java\craftplugins\clientctl\clientctl\clientctl\debug\logger.obj
d:\netbeans-java\craftplugins\clientctl\clientctl\clientctl\debug\service.obj
d:\netbeans-java\craftplugins\clientctl\clientctl\clientctl\debug\headdic.obj
d:\netbeans-java\craftplugins\clientctl\clientctl\clientctl\debug\package.obj
d:\netbeans-java\craftplugins\clientctl\clientctl\clientctl\debug\phaser.obj
d:\netbeans-java\craftplugins\clientctl\clientctl\debug\clientctl.ilk
d:\netbeans-java\craftplugins\clientctl\clientctl\debug\clientctl.exe
d:\netbeans-java\craftplugins\clientctl\clientctl\debug\clientctl.pdb
d:\netbeans-java\craftplugins\clientctl\clientctl\clientctl\debug\clientctl.res
d:\netbeans-java\craftplugins\clientctl\clientctl\clientctl\debug\clientctl.tlog\cl.command.1.tlog
d:\netbeans-java\craftplugins\clientctl\clientctl\clientctl\debug\clientctl.tlog\cl.read.1.tlog
d:\netbeans-java\craftplugins\clientctl\clientctl\clientctl\debug\clientctl.tlog\cl.write.1.tlog
d:\netbeans-java\craftplugins\clientctl\clientctl\clientctl\debug\clientctl.tlog\link.command.1.tlog
d:\netbeans-java\craftplugins\clientctl\clientctl\clientctl\debug\clientctl.tlog\link.read.1.tlog
d:\netbeans-java\craftplugins\clientctl\clientctl\clientctl\debug\clientctl.tlog\link.write.1.tlog
d:\netbeans-java\craftplugins\clientctl\clientctl\clientctl\debug\clientctl.tlog\rc.command.1.tlog
d:\netbeans-java\craftplugins\clientctl\clientctl\clientctl\debug\clientctl.tlog\rc.read.1.tlog
d:\netbeans-java\craftplugins\clientctl\clientctl\clientctl\debug\clientctl.tlog\rc.write.1.tlog
